file_id speaker_id
00015 003
00016 003
00017 003
00018 001
00019 001
00020 001
00021 001
00022 001
00024 001
00025 001
00026 001
00027 001
00028 001
00029 001
00030 001
00031 003
00032 003
00033 003
00034 003
00035 003
00036 003
00037 003
00038 003
00039 003
00040 003
00041 003
00042 003
00043 003
00044 003
00045 003
00046 003
00047 003
00048 004
00049 004
00050 004
00051 004
00052 004
00053 004
00054 004
00055 004
00056 004
00057 004
00058 004
00059 004
00060 004
00061 004
00062 004
00063 004
00064 004
00065 004
00066 004
00067 004
00068 004
00069 004
00070 004
00071 004
00072 004
00073 004
00074 004
00075 005
00076 005
00077 005
00078 005
00079 005
00080 005
00081 005
00082 005
00083 005
00084 005
00085 005
00086 005
00087 005
00088 005
00089 005
00090 005
00091 005
00092 005
00093 005
00094 005
00095 005
00096 005
00097 005
00098 005
00099 005
00100 005
00101 005
00102 005
00103 005
00104 005
00105 005
00123 002
00124 002
00125 002
00126 002
00127 002
00128 002
00129 002
00130 002
00131 002
00132 002
00133 002
00134 002
00135 002
00136 002
00137 007
00138 007
00139 007
00140 007
00141 007
00142 007
00143 007
00144 007
00145 007
00146 007
00147 007
00148 007
00149 007
00150 007
00151 007
00152 007
00153 007
00154 007
00155 007
00156 007
00157 007
00158 007
00159 007
00160 007
00161 007
00162 007
00163 007
00164 007
00165 007
00166 007
00167 007
00168 006
00169 006
00170 006
00171 006
00172 006
00173 006
00174 006
00175 006
00176 006
00177 006
00178 006
00179 006
00180 006
00181 006
00182 006
00183 006
00185 006
00186 006
00187 006
00188 006
00189 006
00190 006
00191 006
00192 006
00193 006
00194 006
00195 006
00196 006
00197 006
00198 006
00199 006
00200 006
00201 006
00202 006
00203 006
00204 006
00205 006
00206 008
00207 008
00208 008
00209 008
00210 008
00211 008
00212 008
00213 008
00214 008
00215 008
00216 008
00217 008
00218 008
00219 008
00220 008
00221 008
00222 008
00223 008
00224 008
00225 009
00226 009
00227 009
00228 009
00229 009
00230 009
00231 009
00232 009
00233 009
00234 009
00235 009
00242 009
00243 009
00244 009
00246 009
00247 009
00248 009
00249 009
00250 009
00251 009
00252 009
00253 009
00254 009
00255 009
00256 009
00257 009
00258 009
00259 009
00260 009
00261 010
00262 010
00263 010
00264 010
00265 010
00266 010
00267 010
00268 010
00269 010
00270 010
00271 010
00272 010
00273 010
00274 010
00275 010
00276 010
00277 010
00278 010
00279 010
00280 010
00281 010
00282 011
00283 011
00284 011
00285 011
00286 011
00287 011
00288 011
00289 011
00290 011
00291 011
00292 011
00293 011
00294 011
00295 011
00296 011
00297 011
00298 011
00299 011
00300 011
00301 011
00302 011
00303 011
00304 011
00305 011
00308 011
00309 011
00310 011
00311 011
00312 011
00313 011
00314 011
00315 011
00316 011
00317 012
00318 012
00319 012
00320 012
00321 012
00322 012
00323 012
00324 012
00325 012
00326 012
00327 012
00328 012
00329 012
00330 012
00331 012
00332 012
00333 012
00334 012
00335 012
00336 012
00337 012
00338 012
00339 012
00340 012
00341 012
00342 012
00343 013
00344 013
00345 013
00346 013
00347 013
00348 013
00349 013
00350 013
00351 013
00352 013
00353 013
00354 013
00355 013
00356 013
00357 013
00358 013
00359 013
00360 013
00361 013
00362 013
00363 013
00364 013
00365 013
00366 013
00367 013
00368 013
00369 013
00370 013
00371 013
00372 013
00374 013
00375 013
00378 014
00379 014
00380 014
00381 014
00382 014
00383 014
00384 014
00385 014
00386 014
00387 014
00388 014
00389 014
00390 015
00391 015
00392 015
00395 015
00396 015
00397 015
00398 015
00399 015
00400 015
00401 015
00402 015
00403 015
00404 015
00405 015
00406 015
00407 015
00408 016
00409 016
00410 016
00411 016
00412 016
00413 016
00414 016
00415 016
00417 016
00418 016
00419 016
00420 016
00421 016
00422 016
00423 016
00424 016
00425 016
00426 016
00427 016
00428 016
00429 016
00430 016
00431 016
00432 016
00433 016
00434 016
00435 016
00436 016
00437 016
00438 016
00439 016
00440 016
00441 016
00442 016
00443 016
00444 017
00445 017
00446 017
00447 017
00448 017
00449 017
00450 017
00451 017
00452 017
00453 017
00454 017
00455 017
00456 017
00457 017
00458 017
00459 017
00460 017
00461 017
00463 017
00464 017
00465 017
00466 017
00467 017
00468 017
00469 017
00470 017
00471 017
00472 017
00474 017
00475 017
00476 017
00477 017
00478 017
00479 017
00480 017
00481 017
00482 018
00483 018
00484 018
00485 018
00486 018
00487 018
00488 018
00489 018
00490 018
00491 018
00492 018
00493 018
00494 018
00495 018
00496 018
00497 018
00498 018
00499 018
00500 018
00501 018
00502 018
00503 019
00504 019
00505 019
00506 019
00507 019
00508 019
00509 019
00510 019
00511 019
00512 019
00513 019
00514 019
00515 019
00516 019
00517 019
00518 019
00519 019
00520 019
00521 019
00522 019
00523 019
00524 019
00525 019
00526 019
00527 019
00529 019
00530 019
00531 019
00534 019
00535 020
00536 020
00537 020
00538 020
00539 020
00540 020
00541 020
00542 020
00543 020
00544 020
00545 020
00546 020
00547 020
00548 020
00549 020
00550 020
00551 020
00552 020
00553 020
00554 020
00555 020
00556 020
00557 020
00558 020
00559 021
00560 021
00561 021
00562 021
00563 021
00564 021
00565 021
00566 021
00567 021
00568 021
00569 021
00570 021
00571 021
00572 021
00573 021
00574 021
00575 021
00576 021
00577 021
00578 021
00579 021
00580 022
00581 022
00582 022
00583 022
00584 022
00585 022
00587 022
00588 022
00589 022
00590 022
00591 022
00592 022
00593 022
00594 022
00595 022
00596 022
00597 022
00598 022
00599 022
00600 022
00601 022
00602 022
00603 022
00604 022
00605 022
00606 022
00607 022
00608 023
00609 023
00610 023
00611 023
00612 023
00613 023
00614 023
00615 023
00616 023
00617 023
00618 023
00619 023
00620 023
00621 023
00622 023
00623 023
00624 023
00625 023
00626 023
00627 023
00629 023
00630 023
00631 023
00632 023
00633 023
00634 023
00635 023
00636 023
00637 023
00639 023
00640 023
00641 023
00642 024
00643 024
00644 024
00645 024
00646 024
00647 024
00648 024
00649 024
00650 024
00651 024
00652 024
00653 024
00654 024
00655 024
00656 024
00657 024
00658 024
00659 024
00660 024
00661 024
00662 024
00663 024
00664 024
00665 024
00666 024
00667 024
00668 024
00669 024
00670 025
00672 025
00673 025
00674 025
00675 025
00676 025
00677 025
00678 025
00679 025
00680 025
00681 025
00682 025
00683 025
00684 025
00685 025
00687 025
00688 025
00689 025
00690 025
00691 025
00692 025
00693 025
00694 025
00696 025
00697 025
00699 025
00700 025
00701 025
00702 025
00703 025
00704 025
00705 025
00706 026
00707 026
00708 026
00709 026
00710 026
00711 026
00712 026
00713 026
00714 026
00715 026
00716 026
00717 026
00718 026
00719 026
00720 026
00721 026
00722 026
00723 026
00724 026
00725 026
00726 026
00727 026
00728 026
00729 026
00730 026
00731 026
00732 026
00733 027
00734 027
00736 027
00737 027
00738 027
00739 027
00740 027
00741 027
00742 027
00743 027
00744 027
00745 027
00746 027
00747 027
00748 027
00749 027
00750 027
00751 027
00752 027
00753 025
00754 025
00755 025
00756 025
00757 025
00758 025
00759 025
00760 025
00761 025
00762 025
00763 025
00764 025
00765 025
00766 025
00767 025
00768 025
00769 025
00770 025
00771 025
00772 025
00773 025
00774 025
00775 025
00776 025
00777 025
00778 028
00779 028
00780 028
00781 028
00782 028
00783 028
00784 028
00785 028
00786 028
00787 028
00788 028
00789 028
00790 028
00791 028
00792 028
00793 028
00794 028
00795 028
00796 028
00797 028
00798 029
00799 029
00800 029
00801 029
00802 029
00803 029
00804 029
00805 029
00806 029
00807 029
00808 029
00809 029
00810 029
00811 029
00812 029
00813 029
00814 029
00815 029
00816 029
00817 029
00818 029
00819 029
00820 029
00821 029
00822 029
00823 029
00824 029
00825 029
00826 030
00827 030
00829 030
00830 030
00831 030
00832 030
00833 030
00834 030
00835 030
00836 030
00837 030
00838 030
00839 030
00840 030
00841 030
00842 030
00843 030
00844 030
00845 030
00846 030
00847 030
00848 030
00849 030
00850 030
00851 031
00852 031
00853 031
00854 031
00855 031
00856 031
00857 031
00858 031
00859 031
00860 031
00861 031
00863 031
00864 031
00865 031
00866 031
00867 031
00868 031
00869 031
00870 031
00871 031
00872 031
00873 031
00874 031
00875 031
00876 031
00877 031
00878 031
00879 031
00880 031
00881 031
00882 031
00883 002
00885 002
00886 002
00887 002
00888 002
00889 002
00890 002
00891 002
00892 002
00893 002
00894 002
00895 002
00896 002
00898 002
00899 002
00900 002
00901 032
00902 032
00903 032
00904 032
00905 032
00906 032
00907 032
00908 032
00909 032
00910 032
00911 032
00912 032
00913 032
00914 032
00916 032
00917 032
00918 032
00919 032
00920 032
00921 032
00922 032
00923 032
00924 032
00925 032
00926 032
00927 032
00928 032
00929 009
00930 009
00931 009
00932 009
00933 009
00934 009
00935 033
00936 033
00937 033
00938 033
00939 033
00940 033
00941 033
00942 033
00943 033
00944 033
00945 033
00946 033
00947 033
00948 033
00949 033
00950 033
00951 033
00952 033
00953 033
00955 033
00956 033
00957 033
00958 033
00959 033
00960 033
00961 034
00962 034
00963 034
00964 034
00965 034
00966 034
00967 034
00968 034
00969 034
00970 034
00972 034
00973 034
00974 034
00975 034
00976 034
00977 034
00978 034
00979 034
00980 034
00981 035
00982 035
00983 035
00984 035
00985 035
00986 035
00987 035
00988 035
00989 035
00990 035
00991 035
00992 035
00993 035
00994 035
00995 035
00996 035
00997 035
00998 035
00999 035
01000 035
01001 035
01002 035
01003 035
01004 035
01005 035
01006 035
01007 035
01008 035
01009 035
01010 035
01011 036
01012 036
01014 036
01015 036
01016 036
01017 036
01018 036
01019 036
01020 036
01021 036
01022 036
01023 036
01024 036
01026 036
01027 036
01028 036
01029 036
01030 036
01031 036
01032 036
01033 036
01034 036
01035 036
01036 036
01037 036
01038 036
01039 036
01041 036
01042 036
01043 037
01044 037
01045 037
01046 037
01047 037
01048 037
01049 037
01050 037
01051 037
01052 037
01053 037
01054 037
01055 037
01056 037
01057 037
01058 037
01059 037
01060 037
01061 037
01062 037
01063 038
01064 038
01065 038
01066 038
01067 038
01068 038
01069 038
01070 038
01071 038
01072 038
01073 038
01074 038
01075 038
01076 038
01077 038
01078 038
01079 038
01080 038
01081 038
01082 038
01083 038
01084 038
01085 038
01086 038
01087 038
01088 038
01089 038
01090 038
01091 038
01092 038
01093 038
01094 038
01095 038
01096 038
01097 038
01098 038
01099 039
01100 039
01101 039
01102 039
01103 039
01104 039
01105 039
01106 039
01107 039
01108 039
01109 039
01110 039
01111 039
01112 039
01113 039
01114 039
01115 039
01116 039
01117 039
01118 039
01119 039
01120 039
01122 039
01123 039
01124 039
01125 039
01126 039
01127 039
01128 039
01129 039
01130 039
01131 039
01132 039
01133 039
01134 040
01135 040
01136 040
01137 040
01138 040
01139 040
01140 040
01144 040
01145 040
01146 040
01147 040
01148 040
01149 040
01150 040
01151 040
01152 040
01153 040
01154 040
01155 040
01156 040
01157 040
01158 042
01159 042
01160 042
01161 042
01162 042
01163 042
01164 042
01165 042
01166 042
01167 042
01168 042
01169 042
01170 042
01171 042
01172 042
01173 002
01174 042
01175 042
01176 042
01177 042
01178 042
01179 042
01180 042
01181 042
01182 042
01183 042
01184 042
01185 042
01186 042
01188 042
01189 042
01190 043
01191 043
01192 043
01193 043
01194 043
01195 043
01196 043
01197 043
01198 043
01199 043
01200 043
01201 043
01202 043
01203 043
01204 043
01205 043
01206 043
01207 043
01208 043
01209 043
01210 043
01212 043
01213 043
01214 043
01215 044
01216 044
01217 044
01218 044
01219 044
01220 044
01221 044
01222 044
01223 044
01224 044
01225 044
01226 044
01227 044
01228 044
01229 044
01230 044
01231 044
01232 044
01233 044
01234 044
01235 044
01236 044
01237 044
01238 044
01239 044
01240 044
01241 045
01242 045
01243 045
01244 045
01245 045
01246 045
01247 045
01248 045
01249 045
01250 045
01251 045
01253 045
01254 045
01255 045
01256 045
01257 045
01258 045
01259 045
01260 045
01261 045
01262 045
01263 045
01264 045
01265 045
01266 045
01267 045
01268 046
01269 046
01270 046
01271 046
01272 046
01273 046
01274 046
01275 046
01276 046
01277 046
01278 046
01279 046
01280 046
01281 046
01282 046
01283 046
01284 046
01285 046
01286 046
01287 046
01288 046
01289 046
01290 046
01291 046
01292 046
01293 047
01294 047
01295 047
01296 047
01297 047
01298 047
01299 047
01300 047
01301 047
01302 047
01303 047
01304 047
01305 047
01306 047
01308 047
01309 047
01310 047
01311 047
01312 047
01313 047
01314 047
01315 047
01316 047
01317 047
01318 047
01319 047
01320 047
01321 047
01322 048
01323 048
01324 048
01325 048
01326 048
01327 048
01328 048
01329 048
01330 048
01331 048
01332 048
01333 049
01334 049
01335 049
01336 049
01337 049
01338 049
01339 049
01340 049
01341 049
01342 049
01343 049
01344 049
01345 049
01346 049
01347 049
01348 049
01349 049
01350 049
01351 049
01352 049
01353 049
01354 049
01355 049
01356 049
01357 049
01358 049
01359 049
01360 049
01361 049
01362 049
01363 049
01364 049
01365 048
01366 048
01367 048
01368 048
01369 048
01370 016
01371 016
01372 016
01373 016
01374 016
01375 016
01376 016
01377 016
01378 016
01379 016
01380 016
01381 016
01382 041
01383 041
01384 041
01385 041
01386 041
01388 041
01389 041
01390 041
01391 041
01392 041
01393 041
01394 041
01395 041
01396 041
01397 041
01398 041
01399 041
01400 041
01401 041
01402 041
01403 041
01404 041
01405 050
01406 050
01407 050
01408 050
01409 050
01410 050
01411 050
01412 050
01413 050
01414 050
01415 050
01416 050
01417 050
01418 050
01419 050
01420 050
01421 050
01422 050
01423 050
01424 050
01425 050
01426 050
01427 050
01428 050
01429 051
01430 051
01431 051
01432 051
01433 051
01434 051
01435 052
01436 052
01437 052
01438 052
01439 052
01440 052
01441 052
01442 053
01443 053
01444 053
01445 053
01446 053
01447 053
01448 053
01449 053
01450 053
01451 053
01452 053
01453 013
01454 013
01455 013
01456 013
01457 013
01458 013
01459 013
01460 013
01461 013
01462 013
01463 013
01464 013
01465 013
01466 013
01467 013
01468 013
01469 013
01471 013
01472 013
01473 013
01474 013
01475 013
01476 013
01477 013
01478 054
01479 054
01480 054
01481 054
01482 054
01483 054
01484 054
01485 054
01486 054
01487 054
01488 054
01489 054
01490 054
01491 054
01492 054
01493 054
01494 054
01495 054
01496 054
01497 054
01498 054
01499 054
01500 054
01501 054
01502 054
01503 054
01504 054
01505 054
01506 054
01507 054
01508 054
01509 054
01510 054
01511 054
01512 054
01513 054
01514 054
01515 054
01516 054
01517 054
01518 054
01519 054
01520 054
01521 048
01522 048
01523 048
01524 048
01525 048
01526 048
01527 055
01528 055
01529 055
01530 055
01531 055
01532 055
01533 055
01534 055
01535 055
01536 055
01537 055
01538 055
01539 055
01540 055
01541 055
01542 055
01543 055
01544 055
01545 056
01546 056
01547 056
01548 056
01549 056
01550 056
01551 056
01552 056
01553 056
01554 056
01555 056
01556 056
01557 056
01558 056
01559 056
01560 056
01561 056
01562 056
01563 056
01564 056
01565 056
01566 056
01567 056
01568 056
01569 056
01570 056
01571 056
01572 056
01573 056
01574 057
01575 057
01576 057
01577 057
01578 057
01579 057
01580 057
01581 057
01582 057
01583 057
01584 057
01585 057
01586 057
01587 057
01588 057
01589 057
01590 057
01591 057
01592 057
01593 057
01594 057
01595 057
01596 057
01597 057
01598 057
01599 058
01600 058
01601 058
01602 058
01603 058
01604 058
01605 058
01606 058
01607 058
01608 058
01609 058
01610 058
01611 058
01612 058
01613 058
01614 058
01615 058
01616 058
01617 058
01618 058
01619 058
01620 058
01621 058
01622 058
01623 058
01624 058
01625 058
01626 058
01627 058
01628 059
01629 059
01630 059
01631 059
01632 059
01633 059
01634 059
01635 059
01636 059
01637 059
01638 059
01639 059
01640 059
01641 059
01642 059
01643 059
01644 059
01645 059
01646 059
01647 059
01648 059
01649 059
01650 059
01651 059
01652 059
01653 059
01654 060
01655 060
01656 060
01657 060
01658 060
01659 060
01660 060
01661 060
01662 060
01663 060
01664 060
01665 060
01666 060
01667 060
01668 060
01669 060
01670 060
01671 060
01672 060
01673 060
01674 060
01675 060
01676 060
01677 060
01678 060
01679 060
01680 060
01681 060
01682 060
01683 060
01684 060
01685 060
01686 060
01687 060
01688 060
01689 060
01690 060
01691 060
01692 060
01693 060
01694 060
01695 060
01696 060
01697 008
01698 008
01699 008
01700 008
01701 008
01702 008
01703 008
01704 008
01705 008
01706 008
01707 008
01708 008
01709 008
01710 008
01711 008
01712 008
01713 008
01714 008
01715 008
01716 008
01717 002
01718 002
01719 002
01720 002
01721 002
01722 002
01723 002
01724 002
01725 002
01726 002
01727 002
01728 002
01729 002
01730 002
01731 002
01748 061
01749 061
01750 061
01751 061
01752 061
01753 061
01754 061
01755 061
01756 061
01757 061
01758 061
01759 061
01760 061
01761 061
01762 061
01763 061
01764 061
01765 061
01766 061
01767 057
01768 057
01769 057
01770 057
01771 057
01772 057
01773 057
01774 057
01775 057
01776 062
01777 062
01778 062
01779 062
01780 062
01781 062
01783 062
01784 057
01785 057
01786 057
01787 057
01788 057
01789 057
01790 057
01791 057
01792 063
01793 063
01794 063
01795 063
01796 063
01797 063
01798 063
01799 063
01800 063
01802 063
01803 063
01804 063
01805 063
01806 063
01807 063
01808 063
01809 063
01810 063
01811 063
01812 063
01813 064
01814 064
01815 064
01816 064
01817 064
01818 064
01819 064
01820 064
01821 064
01823 066
01824 066
01825 066
01826 066
01827 066
01828 066
01829 066
01830 066
01831 066
